2026-04-01 16:36:44,440 [INFO] 🤖 Nifty Master Algo V8 Initialized. Connecting to live market.
2026-04-01 16:36:44,998 [INFO] NSE holidays loaded from API: 20 dates
2026-04-01 17:03:46,063 [INFO] 🛑 Gracefully shutting down...
2026-04-01 17:03:49,014 [INFO] 🤖 Nifty Master Algo V8 Initialized. Connecting to live market.
2026-04-01 17:03:49,470 [INFO] NSE holidays loaded from API: 20 dates
2026-04-01 17:03:55,811 [INFO] 🛑 Gracefully shutting down...
2026-04-02 11:19:09,154 [INFO] 🤖 Nifty Master Algo V8 Initialized. Connecting to live market.
2026-04-02 11:19:09,655 [INFO] NSE holidays loaded from API: 20 dates
2026-04-02 11:22:12,255 [ERROR] Execution failed: Invalid format specifier '.2f if vwap else 'N/A'' for object of type 'float'
Traceback (most recent call last):
  File "C:\Users\Administrator\Desktop\oi-calculations\fetch-snapshot.py", line 1201, in execution_job
    run_master_pipeline(ts, expiry)
  File "C:\Users\Administrator\Desktop\oi-calculations\fetch-snapshot.py", line 1062, in run_master_pipeline
    f"Monitoring | Spot: {spot_t0} | "
ValueError: Invalid format specifier '.2f if vwap else 'N/A'' for object of type 'float'
2026-04-02 11:25:13,641 [ERROR] Execution failed: Invalid format specifier '.2f if vwap else 'N/A'' for object of type 'float'
Traceback (most recent call last):
  File "C:\Users\Administrator\Desktop\oi-calculations\fetch-snapshot.py", line 1201, in execution_job
    run_master_pipeline(ts, expiry)
  File "C:\Users\Administrator\Desktop\oi-calculations\fetch-snapshot.py", line 1062, in run_master_pipeline
    f"Monitoring | Spot: {spot_t0} | "
ValueError: Invalid format specifier '.2f if vwap else 'N/A'' for object of type 'float'
2026-04-02 11:28:15,165 [ERROR] Execution failed: Invalid format specifier '.2f if vwap else 'N/A'' for object of type 'float'
Traceback (most recent call last):
  File "C:\Users\Administrator\Desktop\oi-calculations\fetch-snapshot.py", line 1201, in execution_job
    run_master_pipeline(ts, expiry)
  File "C:\Users\Administrator\Desktop\oi-calculations\fetch-snapshot.py", line 1062, in run_master_pipeline
    f"Monitoring | Spot: {spot_t0} | "
ValueError: Invalid format specifier '.2f if vwap else 'N/A'' for object of type 'float'
2026-04-02 11:31:16,565 [ERROR] Execution failed: Invalid format specifier '.2f if vwap else 'N/A'' for object of type 'float'
Traceback (most recent call last):
  File "C:\Users\Administrator\Desktop\oi-calculations\fetch-snapshot.py", line 1201, in execution_job
    run_master_pipeline(ts, expiry)
  File "C:\Users\Administrator\Desktop\oi-calculations\fetch-snapshot.py", line 1062, in run_master_pipeline
    f"Monitoring | Spot: {spot_t0} | "
ValueError: Invalid format specifier '.2f if vwap else 'N/A'' for object of type 'float'
2026-04-02 11:34:17,998 [ERROR] Execution failed: Invalid format specifier '.2f if vwap else 'N/A'' for object of type 'float'
Traceback (most recent call last):
  File "C:\Users\Administrator\Desktop\oi-calculations\fetch-snapshot.py", line 1201, in execution_job
    run_master_pipeline(ts, expiry)
  File "C:\Users\Administrator\Desktop\oi-calculations\fetch-snapshot.py", line 1062, in run_master_pipeline
    f"Monitoring | Spot: {spot_t0} | "
ValueError: Invalid format specifier '.2f if vwap else 'N/A'' for object of type 'float'
2026-04-02 11:37:19,437 [ERROR] Execution failed: Invalid format specifier '.2f if vwap else 'N/A'' for object of type 'float'
Traceback (most recent call last):
  File "C:\Users\Administrator\Desktop\oi-calculations\fetch-snapshot.py", line 1201, in execution_job
    run_master_pipeline(ts, expiry)
  File "C:\Users\Administrator\Desktop\oi-calculations\fetch-snapshot.py", line 1062, in run_master_pipeline
    f"Monitoring | Spot: {spot_t0} | "
ValueError: Invalid format specifier '.2f if vwap else 'N/A'' for object of type 'float'
2026-04-02 11:40:20,966 [ERROR] Execution failed: Invalid format specifier '.2f if vwap else 'N/A'' for object of type 'float'
Traceback (most recent call last):
  File "C:\Users\Administrator\Desktop\oi-calculations\fetch-snapshot.py", line 1201, in execution_job
    run_master_pipeline(ts, expiry)
  File "C:\Users\Administrator\Desktop\oi-calculations\fetch-snapshot.py", line 1062, in run_master_pipeline
    f"Monitoring | Spot: {spot_t0} | "
ValueError: Invalid format specifier '.2f if vwap else 'N/A'' for object of type 'float'
2026-04-02 11:43:22,373 [ERROR] Execution failed: Invalid format specifier '.2f if vwap else 'N/A'' for object of type 'float'
Traceback (most recent call last):
  File "C:\Users\Administrator\Desktop\oi-calculations\fetch-snapshot.py", line 1201, in execution_job
    run_master_pipeline(ts, expiry)
  File "C:\Users\Administrator\Desktop\oi-calculations\fetch-snapshot.py", line 1062, in run_master_pipeline
    f"Monitoring | Spot: {spot_t0} | "
ValueError: Invalid format specifier '.2f if vwap else 'N/A'' for object of type 'float'
2026-04-02 11:46:23,764 [ERROR] Execution failed: Invalid format specifier '.2f if vwap else 'N/A'' for object of type 'float'
Traceback (most recent call last):
  File "C:\Users\Administrator\Desktop\oi-calculations\fetch-snapshot.py", line 1201, in execution_job
    run_master_pipeline(ts, expiry)
  File "C:\Users\Administrator\Desktop\oi-calculations\fetch-snapshot.py", line 1062, in run_master_pipeline
    f"Monitoring | Spot: {spot_t0} | "
ValueError: Invalid format specifier '.2f if vwap else 'N/A'' for object of type 'float'
2026-04-02 11:49:25,231 [ERROR] Execution failed: Invalid format specifier '.2f if vwap else 'N/A'' for object of type 'float'
Traceback (most recent call last):
  File "C:\Users\Administrator\Desktop\oi-calculations\fetch-snapshot.py", line 1201, in execution_job
    run_master_pipeline(ts, expiry)
  File "C:\Users\Administrator\Desktop\oi-calculations\fetch-snapshot.py", line 1062, in run_master_pipeline
    f"Monitoring | Spot: {spot_t0} | "
ValueError: Invalid format specifier '.2f if vwap else 'N/A'' for object of type 'float'
2026-04-02 12:11:25,858 [INFO] 🛑 Gracefully shutting down...
2026-04-02 12:16:26,812 [INFO] NSE holidays loaded from API: 20 dates
2026-04-02 12:16:26,812 [INFO] State: trades_today=0 daily_pnl=Rs0.00 active=NO
2026-04-02 12:16:26,812 [INFO] Nifty Signal Engine — single-run mode (cron)
2026-04-02 12:16:28,107 [INFO] Written: latest-calculations.txt
2026-04-02 12:16:28,107 [WARNING] nifty_notify.py not found — skipping Telegram/AI notification
2026-04-02 12:16:28,107 [INFO] Run complete. Exiting.
2026-04-02 12:17:12,561 [INFO] NSE holidays loaded from API: 20 dates
2026-04-02 12:17:12,561 [INFO] State: trades_today=0 daily_pnl=Rs0.00 active=NO
2026-04-02 12:17:12,561 [INFO] Nifty Signal Engine — single-run mode (cron)
2026-04-02 12:17:13,827 [INFO] Written: latest-calculations.txt
2026-04-02 12:17:14,355 [INFO] Run complete. Exiting.
2026-04-02 12:17:33,184 [INFO] NSE holidays loaded from API: 20 dates
2026-04-02 12:17:33,187 [INFO] State: trades_today=0 daily_pnl=Rs0.00 active=NO
2026-04-02 12:17:33,190 [INFO] Nifty Signal Engine — single-run mode (cron)
2026-04-02 12:17:34,433 [INFO] Written: latest-calculations.txt
2026-04-02 12:17:34,935 [INFO] Run complete. Exiting.
2026-04-02 12:19:01,905 [INFO] NSE holidays loaded from API: 20 dates
2026-04-02 12:19:01,905 [INFO] State: trades_today=0 daily_pnl=Rs0.00 active=NO
2026-04-02 12:19:01,905 [INFO] Nifty Signal Engine — single-run mode (cron)
2026-04-02 12:19:03,233 [INFO] Written: latest-calculations.txt
2026-04-02 12:19:03,794 [INFO] Run complete. Exiting.
2026-04-02 12:20:46,359 [INFO] NSE holidays loaded from API: 20 dates
2026-04-02 12:20:46,359 [INFO] State: trades_today=0 daily_pnl=Rs0.00 active=NO
2026-04-02 12:20:46,359 [INFO] Nifty Signal Engine — single-run mode (cron)
2026-04-02 12:20:47,670 [INFO] Written: latest-calculations.txt
2026-04-02 12:20:48,171 [INFO] Run complete. Exiting.
2026-04-02 12:21:34,810 [INFO] NSE holidays loaded from API: 20 dates
2026-04-02 12:21:34,810 [INFO] State: trades_today=0 daily_pnl=Rs0.00 active=NO
2026-04-02 12:21:34,810 [INFO] Nifty Signal Engine — single-run mode (cron)
2026-04-02 12:21:36,126 [INFO] Written: latest-calculations.txt
2026-04-02 12:21:42,233 [INFO] Run complete. Exiting.
2026-04-02 12:23:01,563 [INFO] NSE holidays loaded from API: 20 dates
2026-04-02 12:23:01,563 [INFO] State: trades_today=0 daily_pnl=Rs0.00 active=NO
2026-04-02 12:23:01,563 [INFO] Nifty Signal Engine — single-run mode (cron)
2026-04-02 12:23:02,920 [INFO] Written: latest-calculations.txt
2026-04-02 12:23:08,694 [INFO] Run complete. Exiting.
2026-04-02 12:24:29,623 [INFO] NSE holidays loaded from API: 20 dates
2026-04-02 12:24:29,623 [INFO] State: trades_today=0 daily_pnl=Rs0.00 active=NO
2026-04-02 12:24:29,623 [INFO] Nifty Signal Engine — single-run mode (cron)
2026-04-02 12:24:30,921 [INFO] Written: latest-calculations.txt
2026-04-02 12:24:39,171 [INFO] Run complete. Exiting.
2026-04-02 12:30:53,895 [INFO] NSE holidays loaded from API: 20 dates
2026-04-02 12:30:53,897 [INFO] State: trades_today=0 daily_pnl=Rs0.00 active=NO
2026-04-02 12:30:53,898 [INFO] Nifty Signal Engine — single-run mode (cron)
2026-04-02 12:30:55,201 [INFO] Written: latest-calculations.txt
2026-04-02 12:31:46,715 [INFO] Run complete. Exiting.
2026-04-02 12:39:32,701 [INFO] NSE holidays loaded from API: 20 dates
2026-04-02 12:39:32,702 [INFO] State: trades_today=0 daily_pnl=Rs0.00 active=NO
2026-04-02 12:39:32,702 [INFO] Nifty Signal Engine — single-run mode (cron)
2026-04-02 12:39:33,968 [INFO] Written: latest-calculations.txt
2026-04-02 12:39:44,751 [INFO] Run complete. Exiting.
2026-04-02 12:54:46,874 [INFO] NSE holidays loaded from API: 20 dates
2026-04-02 12:54:46,874 [INFO] State: trades_today=0 daily_pnl=Rs0.00 active=NO
2026-04-02 12:54:46,874 [INFO] Nifty Signal Engine — single-run mode (cron)
2026-04-02 12:54:48,187 [INFO] Written: latest-calculations.txt
2026-04-02 12:54:59,343 [INFO] Run complete. Exiting.
2026-04-02 13:10:02,690 [INFO] NSE holidays loaded from API: 20 dates
2026-04-02 13:10:02,693 [INFO] State: trades_today=0 daily_pnl=Rs0.00 active=NO
2026-04-02 13:10:02,694 [INFO] Nifty Signal Engine — single-run mode (cron)
2026-04-02 13:10:04,038 [INFO] Written: latest-calculations.txt
2026-04-02 13:10:16,353 [INFO] Run complete. Exiting.
2026-04-02 13:25:18,467 [INFO] NSE holidays loaded from API: 20 dates
2026-04-02 13:25:18,467 [INFO] State: trades_today=0 daily_pnl=Rs0.00 active=NO
2026-04-02 13:25:18,467 [INFO] Nifty Signal Engine — single-run mode (cron)
2026-04-02 13:25:19,858 [INFO] Written: latest-calculations.txt
2026-04-02 13:25:30,639 [INFO] Run complete. Exiting.
2026-04-02 13:40:32,702 [INFO] NSE holidays loaded from API: 20 dates
2026-04-02 13:40:32,702 [INFO] State: trades_today=0 daily_pnl=Rs0.00 active=NO
2026-04-02 13:40:32,702 [INFO] Nifty Signal Engine — single-run mode (cron)
2026-04-02 13:40:33,983 [WARNING] Spike > 20 pts. Delaying entry.
2026-04-02 13:40:33,983 [INFO] Written: latest-calculations.txt
2026-04-02 13:40:42,155 [INFO] Run complete. Exiting.
2026-04-02 13:55:44,248 [INFO] NSE holidays loaded from API: 20 dates
2026-04-02 13:55:44,248 [INFO] State: trades_today=0 daily_pnl=Rs0.00 active=NO
2026-04-02 13:55:44,248 [INFO] Nifty Signal Engine — single-run mode (cron)
2026-04-02 13:55:45,545 [WARNING] Spike > 20 pts. Delaying entry.
2026-04-02 13:55:45,545 [INFO] Written: latest-calculations.txt
2026-04-02 13:56:07,905 [INFO] Run complete. Exiting.
2026-04-02 14:11:09,983 [INFO] NSE holidays loaded from API: 20 dates
2026-04-02 14:11:09,983 [INFO] State: trades_today=0 daily_pnl=Rs0.00 active=NO
2026-04-02 14:11:09,983 [INFO] Nifty Signal Engine — single-run mode (cron)
2026-04-02 14:11:11,326 [INFO] Written: latest-calculations.txt
2026-04-02 14:11:22,428 [INFO] Run complete. Exiting.
2026-04-02 14:26:24,577 [INFO] NSE holidays loaded from API: 20 dates
2026-04-02 14:26:24,593 [INFO] State: trades_today=0 daily_pnl=Rs0.00 active=NO
2026-04-02 14:26:24,593 [INFO] Nifty Signal Engine — single-run mode (cron)
2026-04-02 14:26:25,859 [WARNING] Spike > 20 pts. Delaying entry.
2026-04-02 14:26:25,877 [INFO] Written: latest-calculations.txt
2026-04-02 14:26:41,092 [INFO] Run complete. Exiting.
2026-04-02 14:39:34,320 [INFO] NSE holidays loaded from API: 20 dates
2026-04-02 14:39:34,321 [INFO] Nifty Signal Engine — Internal Scheduler Mode Started
2026-04-02 14:39:34,325 [INFO] 
=== Starting Scheduled Cycle at 14:39 ===
2026-04-02 14:39:34,327 [INFO] State: trades_today=0 daily_pnl=Rs0.00 active=NO
2026-04-02 14:39:35,639 [INFO] Written: latest-calculations.txt
2026-04-02 14:39:35,639 [INFO] AI/Telegram skipped (not a 15-minute mark).
2026-04-02 14:42:05,665 [INFO] 
=== Starting Scheduled Cycle at 14:42 ===
2026-04-02 14:42:05,665 [INFO] State: trades_today=0 daily_pnl=Rs0.00 active=NO
2026-04-02 14:42:06,982 [INFO] Written: latest-calculations.txt
2026-04-02 14:42:06,982 [INFO] AI/Telegram skipped (not a 15-minute mark).
2026-04-02 14:45:07,026 [INFO] 
=== Starting Scheduled Cycle at 14:45 ===
2026-04-02 14:46:10,061 [INFO] State: trades_today=0 daily_pnl=Rs0.00 active=NO
2026-04-02 14:46:11,390 [INFO] Written: latest-calculations.txt
2026-04-02 14:46:11,390 [INFO] 🕒 15-Minute mark reached: Triggering AI Analysis and Telegram
2026-04-02 14:48:07,737 [INFO] 
=== Starting Scheduled Cycle at 14:48 ===
2026-04-02 14:48:07,745 [INFO] State: trades_today=0 daily_pnl=Rs0.00 active=NO
2026-04-02 14:48:09,161 [INFO] Written: latest-calculations.txt
2026-04-02 14:48:09,164 [INFO] AI/Telegram skipped (not a 15-minute mark).
2026-04-02 14:51:09,186 [INFO] 
=== Starting Scheduled Cycle at 14:51 ===
2026-04-02 14:51:09,194 [INFO] State: trades_today=0 daily_pnl=Rs0.00 active=NO
2026-04-02 14:51:10,545 [INFO] Written: latest-calculations.txt
2026-04-02 14:51:10,545 [INFO] AI/Telegram skipped (not a 15-minute mark).
2026-04-02 14:54:00,582 [INFO] 
=== Starting Scheduled Cycle at 14:54 ===
2026-04-02 14:54:00,582 [INFO] State: trades_today=0 daily_pnl=Rs0.00 active=NO
2026-04-02 14:54:02,001 [INFO] Written: latest-calculations.txt
2026-04-02 14:54:02,001 [INFO] AI/Telegram skipped (not a 15-minute mark).
2026-04-02 14:57:02,035 [INFO] 
=== Starting Scheduled Cycle at 14:57 ===
2026-04-02 14:57:02,035 [INFO] State: trades_today=0 daily_pnl=Rs0.00 active=NO
2026-04-02 14:57:03,407 [INFO] Written: latest-calculations.txt
2026-04-02 14:57:03,407 [INFO] AI/Telegram skipped (not a 15-minute mark).
